This is pdfTeX, Version 3.14159265-2.6-1.40.19 (TeX Live 2018) (preloaded format=pdflatex 2019.3.7)  9 OCT 2019 16:47
entering extended mode
 restricted \write18 enabled.
 file:line:error style messages enabled.
 %&-line parsing enabled.
**Distributed-Control-TD-Weights.tex
(./Distributed-Control-TD-Weights.tex
LaTeX2e <2018-04-01> patch level 2
Babel <3.18> and hyphenation patterns for 84 language(s) loaded.

./Distributed-Control-TD-Weights.tex:1: LaTeX Error: Environment tikzpicture un
defined.

See the LaTeX manual or LaTeX Companion for explanation.
Type  H <return>  for immediate help.
 ...                                              
                                                  
l.1 \begin{tikzpicture}
                       
? 
./Distributed-Control-TD-Weights.tex:1: Emergency stop.
 ...                                              
                                                  
l.1 \begin{tikzpicture}
                       
Your command was ignored.
Type  I <command> <return>  to replace it with another command,
or  <return>  to continue without it.

 
Here is how much of TeX's memory you used:
 6 strings out of 492649
 361 string characters out of 6129623
 56400 words of memory out of 5000000
 3988 multiletter control sequences out of 15000+600000
 3640 words of font info for 14 fonts, out of 8000000 for 9000
 1141 hyphenation exceptions out of 8191
 5i,0n,4p,68b,16s stack positions out of 5000i,500n,10000p,200000b,80000s
./Distributed-Control-TD-Weights.tex:1:  ==> Fatal error occurred, no output PD
F file produced!
